# JRE version: OpenJDK Runtime Environment (8.0_76-b03) (build 1.8.0_76-release-b03)
# Java VM: OpenJDK 64-Bit Server VM (25.76-b03 mixed mode windows-amd64 compressed oops)
Heap:
 PSYoungGen      total 430080K, used 224017K [0x00000000e0000000, 0x0000000100000000, 0x0000000100000000)
  eden space 339456K, 63% used [0x00000000e0000000,0x00000000ed118768,0x00000000f4b80000)
  from space 90624K, 10% used [0x00000000fa100000,0x00000000faaac010,0x00000000ff980000)
  to   space 87552K, 0% used [0x00000000f4b80000,0x00000000f4b80000,0x00000000fa100000)
 ParOldGen       total 332288K, used 35541K [0x00000000a0000000, 0x00000000b4480000, 0x00000000e0000000)
  object space 332288K, 10% used [0x00000000a0000000,0x00000000a22b5518,0x00000000b4480000)
 Metaspace       used 72974K, capacity 75180K, committed 80176K, reserved 1118208K
  class space    used 8968K, capacity 9326K, committed 10544K, reserved 1048576K
GC Heap History (10 events):
Event: 514.376 GC heap before
{Heap before GC invocations=40 (full 5):
 PSYoungGen      total 419840K, used 341746K [0x00000000e0000000, 0x00000000ff980000, 0x0000000100000000)
  eden space 327168K, 100% used [0x00000000e0000000,0x00000000f3f80000,0x00000000f3f80000)
  from space 92672K, 15% used [0x00000000f9f00000,0x00000000fad3cad0,0x00000000ff980000)
  to   space 95232K, 0% used [0x00000000f3f80000,0x00000000f3f80000,0x00000000f9c80000)
 ParOldGen       total 332288K, used 130540K [0x00000000a0000000, 0x00000000b4480000, 0x00000000e0000000)
  object space 332288K, 39% used [0x00000000a0000000,0x00000000a7f7b388,0x00000000b4480000)
 Metaspace       used 75466K, capacity 78464K, committed 78640K, reserved 1118208K
  class space    used 9610K, capacity 10251K, committed 10288K, reserved 1048576K
Event: 514.433 GC heap after
Heap after GC invocations=40 (full 5):
 PSYoungGen      total 422400K, used 44215K [0x00000000e0000000, 0x00000000ffd80000, 0x0000000100000000)
  eden space 327168K, 0% used [0x00000000e0000000,0x00000000e0000000,0x00000000f3f80000)
  from space 95232K, 46% used [0x00000000f3f80000,0x00000000f6aadfd8,0x00000000f9c80000)
  to   space 92672K, 0% used [0x00000000fa300000,0x00000000fa300000,0x00000000ffd80000)
 ParOldGen       total 332288K, used 134727K [0x00000000a0000000, 0x00000000b4480000, 0x00000000e0000000)
  object space 332288K, 40% used [0x00000000a0000000,0x00000000a8391d60,0x00000000b4480000)
 Metaspace       used 75466K, capacity 78464K, committed 78640K, reserved 1118208K
  class space    used 9610K, capacity 10251K, committed 10288K, reserved 1048576K
}
Event: 515.142 GC heap before
{Heap before GC invocations=41 (full 5):
 PSYoungGen      total 422400K, used 370761K [0x00000000e0000000, 0x00000000ffd80000, 0x0000000100000000)
  eden space 327168K, 99% used [0x00000000e0000000,0x00000000f3ee4558,0x00000000f3f80000)
  from space 95232K, 46% used [0x00000000f3f80000,0x00000000f6aadfd8,0x00000000f9c80000)
  to   space 92672K, 0% used [0x00000000fa300000,0x00000000fa300000,0x00000000ffd80000)
 ParOldGen       total 332288K, used 134727K [0x00000000a0000000, 0x00000000b4480000, 0x00000000e0000000)
  object space 332288K, 40% used [0x00000000a0000000,0x00000000a8391d60,0x00000000b4480000)
 Metaspace       used 75512K, capacity 78464K, committed 78640K, reserved 1118208K
  class space    used 9610K, capacity 10251K, committed 10288K, reserved 1048576K
Event: 515.153 GC heap after
Heap after GC invocations=41 (full 5):
 PSYoungGen      total 428032K, used 4677K [0x00000000e0000000, 0x00000000ffc80000, 0x0000000100000000)
  eden space 336384K, 0% used [0x00000000e0000000,0x00000000e0000000,0x00000000f4880000)
  from space 91648K, 5% used [0x00000000fa300000,0x00000000fa7916f0,0x00000000ffc80000)
  to   space 92160K, 0% used [0x00000000f4880000,0x00000000f4880000,0x00000000fa280000)
 ParOldGen       total 332288K, used 139201K [0x00000000a0000000, 0x00000000b4480000, 0x00000000e0000000)
  object space 332288K, 41% used [0x00000000a0000000,0x00000000a87f0420,0x00000000b4480000)
 Metaspace       used 75512K, capacity 78464K, committed 78640K, reserved 1118208K
  class space    used 9610K, capacity 10251K, committed 10288K, reserved 1048576K
}
Event: 10864.464 GC heap before
{Heap before GC invocations=42 (full 5):
 PSYoungGen      total 428032K, used 242026K [0x00000000e0000000, 0x00000000ffc80000, 0x0000000100000000)
  eden space 336384K, 70% used [0x00000000e0000000,0x00000000ee7c9160,0x00000000f4880000)
  from space 91648K, 5% used [0x00000000fa300000,0x00000000fa7916f0,0x00000000ffc80000)
  to   space 92160K, 0% used [0x00000000f4880000,0x00000000f4880000,0x00000000fa280000)
 ParOldGen       total 332288K, used 139201K [0x00000000a0000000, 0x00000000b4480000, 0x00000000e0000000)
  object space 332288K, 41% used [0x00000000a0000000,0x00000000a87f0420,0x00000000b4480000)
 Metaspace       used 76569K, capacity 79880K, committed 80176K, reserved 1118208K
  class space    used 9774K, capacity 10495K, committed 10544K, reserved 1048576K
Event: 10864.479 GC heap after
Heap after GC invocations=42 (full 5):
 PSYoungGen      total 342528K, used 5924K [0x00000000e0000000, 0x00000000ff980000, 0x0000000100000000)
  eden space 336384K, 0% used [0x00000000e0000000,0x00000000e0000000,0x00000000f4880000)
  from space 6144K, 96% used [0x00000000f4880000,0x00000000f4e493f8,0x00000000f4e80000)
  to   space 90624K, 0% used [0x00000000fa100000,0x00000000fa100000,0x00000000ff980000)
 ParOldGen       total 332288K, used 139305K [0x00000000a0000000, 0x00000000b4480000, 0x00000000e0000000)
  object space 332288K, 41% used [0x00000000a0000000,0x00000000a880a420,0x00000000b4480000)
 Metaspace       used 76569K, capacity 79880K, committed 80176K, reserved 1118208K
  class space    used 9774K, capacity 10495K, committed 10544K, reserved 1048576K
}
Event: 10864.479 GC heap before
{Heap before GC invocations=43 (full 6):
 PSYoungGen      total 342528K, used 5924K [0x00000000e0000000, 0x00000000ff980000, 0x0000000100000000)
  eden space 336384K, 0% used [0x00000000e0000000,0x00000000e0000000,0x00000000f4880000)
  from space 6144K, 96% used [0x00000000f4880000,0x00000000f4e493f8,0x00000000f4e80000)
  to   space 90624K, 0% used [0x00000000fa100000,0x00000000fa100000,0x00000000ff980000)
 ParOldGen       total 332288K, used 139305K [0x00000000a0000000, 0x00000000b4480000, 0x00000000e0000000)
  object space 332288K, 41% used [0x00000000a0000000,0x00000000a880a420,0x00000000b4480000)
 Metaspace       used 76569K, capacity 79880K, committed 80176K, reserved 1118208K
  class space    used 9774K, capacity 10495K, committed 10544K, reserved 1048576K
Event: 10864.798 GC heap after
Heap after GC invocations=43 (full 6):
 PSYoungGen      total 342528K, used 0K [0x00000000e0000000, 0x00000000ff980000, 0x0000000100000000)
  eden space 336384K, 0% used [0x00000000e0000000,0x00000000e0000000,0x00000000f4880000)
  from space 6144K, 0% used [0x00000000f4880000,0x00000000f4880000,0x00000000f4e80000)
  to   space 90624K, 0% used [0x00000000fa100000,0x00000000fa100000,0x00000000ff980000)
 ParOldGen       total 332288K, used 35541K [0x00000000a0000000, 0x00000000b4480000, 0x00000000e0000000)
  object space 332288K, 10% used [0x00000000a0000000,0x00000000a22b5518,0x00000000b4480000)
 Metaspace       used 72049K, capacity 73722K, committed 80176K, reserved 1118208K
  class space    used 8873K, capacity 9179K, committed 10544K, reserved 1048576K
}
Event: 10880.241 GC heap before
{Heap before GC invocations=44 (full 6):
 PSYoungGen      total 342528K, used 336384K [0x00000000e0000000, 0x00000000ff980000, 0x0000000100000000)
  eden space 336384K, 100% used [0x00000000e0000000,0x00000000f4880000,0x00000000f4880000)
  from space 6144K, 0% used [0x00000000f4880000,0x00000000f4880000,0x00000000f4e80000)
  to   space 90624K, 0% used [0x00000000fa100000,0x00000000fa100000,0x00000000ff980000)
 ParOldGen       total 332288K, used 35541K [0x00000000a0000000, 0x00000000b4480000, 0x00000000e0000000)
  object space 332288K, 10% used [0x00000000a0000000,0x00000000a22b5518,0x00000000b4480000)
 Metaspace       used 72787K, capacity 74928K, committed 80176K, reserved 1118208K
  class space    used 8956K, capacity 9306K, committed 10544K, reserved 1048576K
Event: 10880.262 GC heap after
Heap after GC invocations=44 (full 6):
 PSYoungGen      total 430080K, used 9904K [0x00000000e0000000, 0x0000000100000000, 0x0000000100000000)
  eden space 339456K, 0% used [0x00000000e0000000,0x00000000e0000000,0x00000000f4b80000)
  from space 90624K, 10% used [0x00000000fa100000,0x00000000faaac010,0x00000000ff980000)
  to   space 87552K, 0% used [0x00000000f4b80000,0x00000000f4b80000,0x00000000fa100000)
 ParOldGen       total 332288K, used 35541K [0x00000000a0000000, 0x00000000b4480000, 0x00000000e0000000)
  object space 332288K, 10% used [0x00000000a0000000,0x00000000a22b5518,0x00000000b4480000)
 Metaspace       used 72787K, capacity 74928K, committed 80176K, reserved 1118208K
  class space    used 8956K, capacity 9306K, committed 10544K, reserved 1048576K
}

